0 info it worked if it ends with ok
1 verbose cli [ 'node', '/usr/local/bin/ynpm', 'i', 'tdjscs' ]
2 silly now Thu Mar 26 2015 02:16:20 GMT-0700 (PDT)
3 silly hostname theypossible-lm
4 silly platform darwin
5 silly arch x64
6 silly release 13.1.0
7 silly node { http_parser: '1.0',
7 silly node   node: '0.10.28',
7 silly node   v8: '3.14.5.9',
7 silly node   ares: '1.9.0-DEV',
7 silly node   uv: '0.10.27',
7 silly node   zlib: '1.2.3',
7 silly node   modules: '11',
7 silly node   openssl: '1.0.1g',
7 silly node   ynpm: '3.0.26',
7 silly node   npm: '2.5.1' }
8 info using ynpm@3.0.26
9 info using npm@2.5.1
10 info using node@v0.10.28
11 silly conf { argv:
11 silly conf    { remain: [ 'i', 'tdjscs' ],
11 silly conf      cooked: [ 'i', 'tdjscs' ],
11 silly conf      original: [ 'i', 'tdjscs' ] } }
12 silly argv undefined
13 silly looking for command:  install
14 silly found proxy command for install
15 silly looking for command:  i
16 silly found proxy command for install
17 info attempt registry request try #1 at 02:16:21
18 http GET http://ynpm-registry.corp.yahoo.com/tdjscs
19 http 404 http://ynpm-registry.corp.yahoo.com/tdjscs
20 silly registry.get cb [ 404,
20 silly registry.get   { 'x-frame-options': 'SAMEORIGIN',
20 silly registry.get     'x-content-type-options': 'nosniff',
20 silly registry.get     'x-xss-protection': '1; mode=block',
20 silly registry.get     date: 'Thu, 26 Mar 2015 09:16:21 GMT',
20 silly registry.get     'windjammer-hostname': 'pprd1-node6-lh3.manhattan.corp.gq1.yahoo.com',
20 silly registry.get     'windjammer-internal': 'no',
20 silly registry.get     'windjammer-external': 'no',
20 silly registry.get     'content-type': 'text/plain',
20 silly registry.get     server: 'ATS',
20 silly registry.get     'set-cookie': [ 'B=e6iothtah7jj5&b=3&s=7b; expires=Thu, 26-Mar-2017 09:16:21 GMT; path=/; domain=.yahoo.com' ],
20 silly registry.get     age: '0',
20 silly registry.get     'transfer-encoding': 'chunked',
20 silly registry.get     connection: 'keep-alive' } ]
21 info command completed in: 0.911 seconds
22 info Fixing package.json /Users/kaesonho/works/react-rapid/package.json
23 verbose stack Error: 404 Not Found: tdjscs
23 verbose stack     at RegClient.<anonymous> (/usr/local/lib/node_modules/ynpm/node_modules/ynpm-registry-client/lib/request.js:283:14)
23 verbose stack     at RegClient.<anonymous> (/usr/local/lib/node_modules/ynpm/node_modules/ynpm-registry-client/lib/request.js:422:7)
23 verbose stack     at Request.self.callback (/usr/local/lib/node_modules/ynpm/node_modules/request/request.js:121:22)
23 verbose stack     at Request.EventEmitter.emit (events.js:98:17)
23 verbose stack     at Request.<anonymous> (/usr/local/lib/node_modules/ynpm/node_modules/request/request.js:978:14)
23 verbose stack     at Request.EventEmitter.emit (events.js:117:20)
23 verbose stack     at IncomingMessage.<anonymous> (/usr/local/lib/node_modules/ynpm/node_modules/request/request.js:929:12)
23 verbose stack     at IncomingMessage.EventEmitter.emit (events.js:117:20)
23 verbose stack     at _stream_readable.js:919:16
23 verbose stack     at process._tickCallback (node.js:419:13)
24 verbose pkgid tdjscs
25 verbose cwd /Users/kaesonho/works/react-rapid
26 error Darwin 13.1.0
27 error argv "node" "/usr/local/bin/ynpm" "i" "tdjscs"
28 error node v0.10.28
29 error npm -v 2.5.1
30 error ynpm -v 3.0.26
31 error code E404
32 error 404 'tdjscs' is not in the ynpm whitelist.
32 error 404 You should submit a request to add it here:
32 error 404
32 error 404 http://ynpm-search.corp.yahoo.com/-/package/tdjscs
32 error 404
32 error 404 It was specified as a dependency of 'react-rapid'
33 verbose exit [ 1, true ]
